Loading environment ...
Environment loaded.
Found start_training.txt
🧠 Loaded mixed-energy dataset with 10 samples:
   Energies found: [5.0, 10.0]
↩️  Resumed from /lustre/work/samumcki/dSiPM_NN/NNTraining/4000x4000_model/NN_model_4000x4000/last.ckpt (epoch=10050, best_val=0.000000)
Epoch 10051/10100 | Train 0.049579 | Val 0.068109
Epoch 10052/10100 | Train 0.047134 | Val 0.041563
Epoch 10053/10100 | Train 0.043629 | Val 0.049053
Epoch 10054/10100 | Train 0.039603 | Val 0.104664
Epoch 10055/10100 | Train 0.035358 | Val 0.216693
Epoch 10056/10100 | Train 0.030885 | Val 0.395981
Epoch 10057/10100 | Train 0.026217 | Val 0.644911
Epoch 10058/10100 | Train 0.021825 | Val 0.960488
Epoch 10059/10100 | Train 0.018007 | Val 1.336869
Epoch 10060/10100 | Train 0.014949 | Val 1.752536
Epoch 10061/10100 | Train 0.013109 | Val 2.158880
Epoch 10062/10100 | Train 0.012107 | Val 2.518967
Epoch 10063/10100 | Train 0.011914 | Val 2.765312
Epoch 10064/10100 | Train 0.011826 | Val 2.886350
Epoch 10065/10100 | Train 0.011575 | Val 2.896771
Epoch 10066/10100 | Train 0.010866 | Val 2.801092
Epoch 10067/10100 | Train 0.009694 | Val 2.644429
Epoch 10068/10100 | Train 0.008393 | Val 2.461018
Epoch 10069/10100 | Train 0.007045 | Val 2.263520
Epoch 10070/10100 | Train 0.005935 | Val 2.076540
Epoch 10071/10100 | Train 0.005073 | Val 1.909414
Epoch 10072/10100 | Train 0.004517 | Val 1.764564
Epoch 10073/10100 | Train 0.004169 | Val 1.649852
Epoch 10074/10100 | Train 0.003978 | Val 1.564986
Epoch 10075/10100 | Train 0.003850 | Val 1.500984
Epoch 10076/10100 | Train 0.003720 | Val 1.460620
Epoch 10077/10100 | Train 0.003617 | Val 1.438980
Epoch 10078/10100 | Train 0.003371 | Val 1.427729
Epoch 10079/10100 | Train 0.003110 | Val 1.425580
Epoch 10080/10100 | Train 0.002782 | Val 1.430835
Epoch 10081/10100 | Train 0.002490 | Val 1.427121
Epoch 10082/10100 | Train 0.002242 | Val 1.425095
Epoch 10083/10100 | Train 0.002021 | Val 1.411285
Epoch 10084/10100 | Train 0.001891 | Val 1.388720
Epoch 10085/10100 | Train 0.001790 | Val 1.357928
Epoch 10086/10100 | Train 0.001737 | Val 1.316103
Epoch 10087/10100 | Train 0.001668 | Val 1.266531
Epoch 10088/10100 | Train 0.001593 | Val 1.212597
Epoch 10089/10100 | Train 0.001471 | Val 1.158481
Epoch 10090/10100 | Train 0.001356 | Val 1.108240
Epoch 10091/10100 | Train 0.001240 | Val 1.060493
Epoch 10092/10100 | Train 0.001135 | Val 1.020079
Epoch 10093/10100 | Train 0.001056 | Val 0.985414
Epoch 10094/10100 | Train 0.001008 | Val 0.958624
Epoch 10095/10100 | Train 0.000931 | Val 0.940597
Epoch 10096/10100 | Train 0.000903 | Val 0.929872
Epoch 10097/10100 | Train 0.000840 | Val 0.923985
Epoch 10098/10100 | Train 0.000779 | Val 0.922827
Epoch 10099/10100 | Train 0.000715 | Val 0.921673
Epoch 10100/10100 | Train 0.000680 | Val 0.925306
✅ Training finished. Best=0.000000. Artifacts in /lustre/work/samumcki/dSiPM_NN/NNTraining/4000x4000_model/NN_model_4000x4000
Found start_training.txt
🧠 Loaded mixed-energy dataset with 10 samples:
   Energies found: [5.0, 10.0]
↩️  Resumed from /lustre/work/samumcki/dSiPM_NN/NNTraining/2000x2000_model/NN_model_2000x2000/last.ckpt (epoch=50, best_val=0.000171)
Epoch 51/100 | Train 0.305021 | Val 0.015045
Epoch 52/100 | Train 0.273475 | Val 0.007629
Epoch 53/100 | Train 0.234918 | Val 0.002524
Epoch 54/100 | Train 0.197879 | Val 0.000609
Epoch 55/100 | Train 0.165850 | Val 0.001156
Epoch 56/100 | Train 0.139364 | Val 0.002969
Epoch 57/100 | Train 0.118696 | Val 0.005263
Epoch 58/100 | Train 0.102793 | Val 0.007466
Epoch 59/100 | Train 0.091404 | Val 0.009351
Epoch 60/100 | Train 0.083508 | Val 0.010955
Epoch 61/100 | Train 0.078196 | Val 0.012870
Epoch 62/100 | Train 0.074397 | Val 0.015238
Epoch 63/100 | Train 0.071979 | Val 0.018751
Epoch 64/100 | Train 0.069655 | Val 0.023434
Epoch 65/100 | Train 0.066876 | Val 0.029158
Epoch 66/100 | Train 0.063464 | Val 0.035508
Epoch 67/100 | Train 0.059752 | Val 0.042142
Epoch 68/100 | Train 0.056357 | Val 0.046681
Epoch 69/100 | Train 0.052986 | Val 0.049222
Epoch 70/100 | Train 0.049985 | Val 0.048920
Epoch 71/100 | Train 0.047257 | Val 0.046458
Epoch 72/100 | Train 0.044765 | Val 0.041567
Epoch 73/100 | Train 0.042288 | Val 0.035086
Epoch 74/100 | Train 0.039934 | Val 0.027866
Epoch 75/100 | Train 0.037671 | Val 0.020357
Epoch 76/100 | Train 0.035400 | Val 0.013420
Epoch 77/100 | Train 0.033021 | Val 0.007720
Epoch 78/100 | Train 0.030692 | Val 0.003603
Epoch 79/100 | Train 0.028172 | Val 0.001613
Epoch 80/100 | Train 0.025732 | Val 0.002225
Epoch 81/100 | Train 0.023300 | Val 0.005389
Epoch 82/100 | Train 0.020727 | Val 0.011368
Epoch 83/100 | Train 0.018319 | Val 0.020014
Epoch 84/100 | Train 0.016027 | Val 0.031265
Epoch 85/100 | Train 0.013897 | Val 0.044494
Epoch 86/100 | Train 0.012142 | Val 0.058879
Epoch 87/100 | Train 0.010554 | Val 0.074527
Epoch 88/100 | Train 0.009150 | Val 0.089789
Epoch 89/100 | Train 0.007809 | Val 0.103833
Epoch 90/100 | Train 0.006527 | Val 0.117527
Epoch 91/100 | Train 0.005319 | Val 0.129269
Epoch 92/100 | Train 0.004295 | Val 0.139941
Epoch 93/100 | Train 0.003390 | Val 0.148837
Epoch 94/100 | Train 0.002720 | Val 0.156681
Epoch 95/100 | Train 0.002249 | Val 0.164063
Epoch 96/100 | Train 0.001943 | Val 0.169966
Epoch 97/100 | Train 0.001719 | Val 0.175292
Epoch 98/100 | Train 0.001513 | Val 0.179319
Epoch 99/100 | Train 0.001305 | Val 0.181569
Epoch 100/100 | Train 0.001124 | Val 0.181783
✅ Training finished. Best=0.000171. Artifacts in /lustre/work/samumcki/dSiPM_NN/NNTraining/2000x2000_model/NN_model_2000x2000
