
 *** Break *** bus error
 Generating stack trace...
 0x000014e0c63da89f in <unknown> from /lib64/ld-linux-x86-64.so.2
 0x000014e0c63de3ba in <unknown> from /lib64/ld-linux-x86-64.so.2
 0x000014e0c0d56148 in _dl_catch_exception at :? from /lib64/libc.so.6
 0x000014e0c63ddafa in <unknown> from /lib64/ld-linux-x86-64.so.2
 0x000014e0c0d56148 in _dl_catch_exception at :? from /lib64/libc.so.6
 0x000014e0c63ddf5f in <unknown> from /lib64/ld-linux-x86-64.so.2
 0x000014e0c0c85cbc in <unknown> from /lib64/libc.so.6
 0x000014e0c0d56148 in _dl_catch_exception at :? from /lib64/libc.so.6
 0x000014e0c0d56213 in _dl_catch_error at :? from /lib64/libc.so.6
 0x000014e0c0c8578e in <unknown> from /lib64/libc.so.6
 0x000014e0c0c85d71 in dlopen at :? from /lib64/libc.so.6
 0x000014e0c31f2507 in TROOT::InitInterpreter() + 0x3d7 from /workspace/root/lib/libCore.so
 0x000014e0c31f269f in ROOT::Internal::GetROOT2() + 0x2f from /workspace/root/lib/libCore.so
 0x000014e0c31c1b1e in TEnv::Getvalue(char const*) const + 0x1ee from /workspace/root/lib/libCore.so
 0x000014e0c31c2429 in TEnv::GetValue(char const*, char const*) const + 0x9 from /workspace/root/lib/libCore.so
 0x000014e0c322cfbd in TUrl::GetSpecialProtocols() + 0xad from /workspace/root/lib/libCore.so
 0x000014e0c322d673 in TUrl::SetUrl(char const*, bool) + 0x1b3 from /workspace/root/lib/libCore.so
 0x000014e0c322dcba in TUrl::TUrl(char const*, bool) + 0x12a from /workspace/root/lib/libCore.so
 0x000014e0c2d48a63 in TFile::TFile(char const*, char const*, char const*, int) + 0x143 from /workspace/root/lib/libRIO.so
 0x0000000000425ea9 in <unknown> from /lustre/work/samumcki/dSiPM_NN/../DREAMSim/sim/build/exampleB4b
 0x000000000040b552 in <unknown> from /lustre/work/samumcki/dSiPM_NN/../DREAMSim/sim/build/exampleB4b
 0x000014e0c0c29590 in <unknown> from /lib64/libc.so.6
 0x000014e0c0c29640 in __libc_start_main at :? from /lib64/libc.so.6
 0x000000000040b195 in <unknown> from /lustre/work/samumcki/dSiPM_NN/../DREAMSim/sim/build/exampleB4b
slurmstepd: error: *** JOB 21827529 ON cpu-23-32 CANCELLED AT 2025-10-17T19:44:53 ***
