
 *** Break *** bus error
 Generating stack trace...
 0x0000147dfe8c989f in <unknown> from /lib64/ld-linux-x86-64.so.2
 0x0000147dfe8cd3ba in <unknown> from /lib64/ld-linux-x86-64.so.2
 0x0000147df9156148 in _dl_catch_exception at :? from /lib64/libc.so.6
 0x0000147dfe8ccafa in <unknown> from /lib64/ld-linux-x86-64.so.2
 0x0000147df9156148 in _dl_catch_exception at :? from /lib64/libc.so.6
 0x0000147dfe8ccf5f in <unknown> from /lib64/ld-linux-x86-64.so.2
 0x0000147df9085cbc in <unknown> from /lib64/libc.so.6
 0x0000147df9156148 in _dl_catch_exception at :? from /lib64/libc.so.6
 0x0000147df9156213 in _dl_catch_error at :? from /lib64/libc.so.6
 0x0000147df908578e in <unknown> from /lib64/libc.so.6
 0x0000147df9085d71 in dlopen at :? from /lib64/libc.so.6
 0x0000147dfb7f2507 in TROOT::InitInterpreter() + 0x3d7 from /workspace/root/lib/libCore.so
 0x0000147dfb7f269f in ROOT::Internal::GetROOT2() + 0x2f from /workspace/root/lib/libCore.so
 0x0000147dfb7c1b1e in TEnv::Getvalue(char const*) const + 0x1ee from /workspace/root/lib/libCore.so
 0x0000147dfb7c2429 in TEnv::GetValue(char const*, char const*) const + 0x9 from /workspace/root/lib/libCore.so
 0x0000147dfb82cfbd in TUrl::GetSpecialProtocols() + 0xad from /workspace/root/lib/libCore.so
 0x0000147dfb82d673 in TUrl::SetUrl(char const*, bool) + 0x1b3 from /workspace/root/lib/libCore.so
 0x0000147dfb82dcba in TUrl::TUrl(char const*, bool) + 0x12a from /workspace/root/lib/libCore.so
 0x0000147dfb348a63 in TFile::TFile(char const*, char const*, char const*, int) + 0x143 from /workspace/root/lib/libRIO.so
 0x0000000000425ea9 in <unknown> from /lustre/work/samumcki/dSiPM_NN/../DREAMSim/sim/build/exampleB4b
 0x000000000040b552 in <unknown> from /lustre/work/samumcki/dSiPM_NN/../DREAMSim/sim/build/exampleB4b
 0x0000147df9029590 in <unknown> from /lib64/libc.so.6
 0x0000147df9029640 in __libc_start_main at :? from /lib64/libc.so.6
 0x000000000040b195 in <unknown> from /lustre/work/samumcki/dSiPM_NN/../DREAMSim/sim/build/exampleB4b
