Loading environment ...
Environment loaded.
Found start_training.txt
🧠 Loaded mixed-energy dataset with 10 samples:
   Energies found: [5.0, 10.0]
🆕 No checkpoint found — starting fresh.
Epoch 01/50 | Train 4.259609 | Val 2.505676
💾 New best (val=2.505676) saved to /lustre/work/samumcki/dSiPM_NN/NNTraining/4000x4000_model/NN_model_4000x4000/best.ckpt and /lustre/work/samumcki/dSiPM_NN/NNTraining/4000x4000_model/NN_model_4000x4000/best.pth
Epoch 02/50 | Train 3.915679 | Val 2.448206
💾 New best (val=2.448206) saved to /lustre/work/samumcki/dSiPM_NN/NNTraining/4000x4000_model/NN_model_4000x4000/best.ckpt and /lustre/work/samumcki/dSiPM_NN/NNTraining/4000x4000_model/NN_model_4000x4000/best.pth
Epoch 03/50 | Train 3.615953 | Val 2.373192
💾 New best (val=2.373192) saved to /lustre/work/samumcki/dSiPM_NN/NNTraining/4000x4000_model/NN_model_4000x4000/best.ckpt and /lustre/work/samumcki/dSiPM_NN/NNTraining/4000x4000_model/NN_model_4000x4000/best.pth
Epoch 04/50 | Train 3.345240 | Val 2.288453
💾 New best (val=2.288453) saved to /lustre/work/samumcki/dSiPM_NN/NNTraining/4000x4000_model/NN_model_4000x4000/best.ckpt and /lustre/work/samumcki/dSiPM_NN/NNTraining/4000x4000_model/NN_model_4000x4000/best.pth
Epoch 05/50 | Train 3.103773 | Val 2.189567
💾 New best (val=2.189567) saved to /lustre/work/samumcki/dSiPM_NN/NNTraining/4000x4000_model/NN_model_4000x4000/best.ckpt and /lustre/work/samumcki/dSiPM_NN/NNTraining/4000x4000_model/NN_model_4000x4000/best.pth
Epoch 06/50 | Train 2.862695 | Val 2.074617
💾 New best (val=2.074617) saved to /lustre/work/samumcki/dSiPM_NN/NNTraining/4000x4000_model/NN_model_4000x4000/best.ckpt and /lustre/work/samumcki/dSiPM_NN/NNTraining/4000x4000_model/NN_model_4000x4000/best.pth
Epoch 07/50 | Train 2.627266 | Val 1.944858
💾 New best (val=1.944858) saved to /lustre/work/samumcki/dSiPM_NN/NNTraining/4000x4000_model/NN_model_4000x4000/best.ckpt and /lustre/work/samumcki/dSiPM_NN/NNTraining/4000x4000_model/NN_model_4000x4000/best.pth
Epoch 08/50 | Train 2.405209 | Val 1.807039
💾 New best (val=1.807039) saved to /lustre/work/samumcki/dSiPM_NN/NNTraining/4000x4000_model/NN_model_4000x4000/best.ckpt and /lustre/work/samumcki/dSiPM_NN/NNTraining/4000x4000_model/NN_model_4000x4000/best.pth
Epoch 09/50 | Train 2.188770 | Val 1.665432
💾 New best (val=1.665432) saved to /lustre/work/samumcki/dSiPM_NN/NNTraining/4000x4000_model/NN_model_4000x4000/best.ckpt and /lustre/work/samumcki/dSiPM_NN/NNTraining/4000x4000_model/NN_model_4000x4000/best.pth
Epoch 10/50 | Train 1.978477 | Val 1.520892
💾 New best (val=1.520892) saved to /lustre/work/samumcki/dSiPM_NN/NNTraining/4000x4000_model/NN_model_4000x4000/best.ckpt and /lustre/work/samumcki/dSiPM_NN/NNTraining/4000x4000_model/NN_model_4000x4000/best.pth
Epoch 11/50 | Train 1.775105 | Val 1.378763
💾 New best (val=1.378763) saved to /lustre/work/samumcki/dSiPM_NN/NNTraining/4000x4000_model/NN_model_4000x4000/best.ckpt and /lustre/work/samumcki/dSiPM_NN/NNTraining/4000x4000_model/NN_model_4000x4000/best.pth
Epoch 12/50 | Train 1.575769 | Val 1.238191
💾 New best (val=1.238191) saved to /lustre/work/samumcki/dSiPM_NN/NNTraining/4000x4000_model/NN_model_4000x4000/best.ckpt and /lustre/work/samumcki/dSiPM_NN/NNTraining/4000x4000_model/NN_model_4000x4000/best.pth
Epoch 13/50 | Train 1.384037 | Val 1.103517
💾 New best (val=1.103517) saved to /lustre/work/samumcki/dSiPM_NN/NNTraining/4000x4000_model/NN_model_4000x4000/best.ckpt and /lustre/work/samumcki/dSiPM_NN/NNTraining/4000x4000_model/NN_model_4000x4000/best.pth
Epoch 14/50 | Train 1.200603 | Val 0.974827
💾 New best (val=0.974827) saved to /lustre/work/samumcki/dSiPM_NN/NNTraining/4000x4000_model/NN_model_4000x4000/best.ckpt and /lustre/work/samumcki/dSiPM_NN/NNTraining/4000x4000_model/NN_model_4000x4000/best.pth
Epoch 15/50 | Train 1.026897 | Val 0.851500
💾 New best (val=0.851500) saved to /lustre/work/samumcki/dSiPM_NN/NNTraining/4000x4000_model/NN_model_4000x4000/best.ckpt and /lustre/work/samumcki/dSiPM_NN/NNTraining/4000x4000_model/NN_model_4000x4000/best.pth
Epoch 16/50 | Train 0.862321 | Val 0.734976
💾 New best (val=0.734976) saved to /lustre/work/samumcki/dSiPM_NN/NNTraining/4000x4000_model/NN_model_4000x4000/best.ckpt and /lustre/work/samumcki/dSiPM_NN/NNTraining/4000x4000_model/NN_model_4000x4000/best.pth
Epoch 17/50 | Train 0.707266 | Val 0.626448
💾 New best (val=0.626448) saved to /lustre/work/samumcki/dSiPM_NN/NNTraining/4000x4000_model/NN_model_4000x4000/best.ckpt and /lustre/work/samumcki/dSiPM_NN/NNTraining/4000x4000_model/NN_model_4000x4000/best.pth
Epoch 18/50 | Train 0.564666 | Val 0.525266
💾 New best (val=0.525266) saved to /lustre/work/samumcki/dSiPM_NN/NNTraining/4000x4000_model/NN_model_4000x4000/best.ckpt and /lustre/work/samumcki/dSiPM_NN/NNTraining/4000x4000_model/NN_model_4000x4000/best.pth
Epoch 19/50 | Train 0.437047 | Val 0.432484
💾 New best (val=0.432484) saved to /lustre/work/samumcki/dSiPM_NN/NNTraining/4000x4000_model/NN_model_4000x4000/best.ckpt and /lustre/work/samumcki/dSiPM_NN/NNTraining/4000x4000_model/NN_model_4000x4000/best.pth
Epoch 20/50 | Train 0.325310 | Val 0.347892
💾 New best (val=0.347892) saved to /lustre/work/samumcki/dSiPM_NN/NNTraining/4000x4000_model/NN_model_4000x4000/best.ckpt and /lustre/work/samumcki/dSiPM_NN/NNTraining/4000x4000_model/NN_model_4000x4000/best.pth
Epoch 21/50 | Train 0.230374 | Val 0.271486
💾 New best (val=0.271486) saved to /lustre/work/samumcki/dSiPM_NN/NNTraining/4000x4000_model/NN_model_4000x4000/best.ckpt and /lustre/work/samumcki/dSiPM_NN/NNTraining/4000x4000_model/NN_model_4000x4000/best.pth
Epoch 22/50 | Train 0.153004 | Val 0.204054
💾 New best (val=0.204054) saved to /lustre/work/samumcki/dSiPM_NN/NNTraining/4000x4000_model/NN_model_4000x4000/best.ckpt and /lustre/work/samumcki/dSiPM_NN/NNTraining/4000x4000_model/NN_model_4000x4000/best.pth
Epoch 23/50 | Train 0.093388 | Val 0.146263
💾 New best (val=0.146263) saved to /lustre/work/samumcki/dSiPM_NN/NNTraining/4000x4000_model/NN_model_4000x4000/best.ckpt and /lustre/work/samumcki/dSiPM_NN/NNTraining/4000x4000_model/NN_model_4000x4000/best.pth
Epoch 24/50 | Train 0.051700 | Val 0.098004
💾 New best (val=0.098004) saved to /lustre/work/samumcki/dSiPM_NN/NNTraining/4000x4000_model/NN_model_4000x4000/best.ckpt and /lustre/work/samumcki/dSiPM_NN/NNTraining/4000x4000_model/NN_model_4000x4000/best.pth
Epoch 25/50 | Train 0.026572 | Val 0.060265
💾 New best (val=0.060265) saved to /lustre/work/samumcki/dSiPM_NN/NNTraining/4000x4000_model/NN_model_4000x4000/best.ckpt and /lustre/work/samumcki/dSiPM_NN/NNTraining/4000x4000_model/NN_model_4000x4000/best.pth
Epoch 26/50 | Train 0.015920 | Val 0.032441
💾 New best (val=0.032441) saved to /lustre/work/samumcki/dSiPM_NN/NNTraining/4000x4000_model/NN_model_4000x4000/best.ckpt and /lustre/work/samumcki/dSiPM_NN/NNTraining/4000x4000_model/NN_model_4000x4000/best.pth
Epoch 27/50 | Train 0.016991 | Val 0.013676
💾 New best (val=0.013676) saved to /lustre/work/samumcki/dSiPM_NN/NNTraining/4000x4000_model/NN_model_4000x4000/best.ckpt and /lustre/work/samumcki/dSiPM_NN/NNTraining/4000x4000_model/NN_model_4000x4000/best.pth
Epoch 28/50 | Train 0.026436 | Val 0.003371
💾 New best (val=0.003371) saved to /lustre/work/samumcki/dSiPM_NN/NNTraining/4000x4000_model/NN_model_4000x4000/best.ckpt and /lustre/work/samumcki/dSiPM_NN/NNTraining/4000x4000_model/NN_model_4000x4000/best.pth
Epoch 29/50 | Train 0.040251 | Val 0.000580
💾 New best (val=0.000580) saved to /lustre/work/samumcki/dSiPM_NN/NNTraining/4000x4000_model/NN_model_4000x4000/best.ckpt and /lustre/work/samumcki/dSiPM_NN/NNTraining/4000x4000_model/NN_model_4000x4000/best.pth
Epoch 30/50 | Train 0.054116 | Val 0.004288
Epoch 31/50 | Train 0.065201 | Val 0.013176
Epoch 32/50 | Train 0.072704 | Val 0.025043
Epoch 33/50 | Train 0.073150 | Val 0.037955
Epoch 34/50 | Train 0.067630 | Val 0.050316
Epoch 35/50 | Train 0.057776 | Val 0.060330
Epoch 36/50 | Train 0.046260 | Val 0.064721
Epoch 37/50 | Train 0.035147 | Val 0.061299
Epoch 38/50 | Train 0.025576 | Val 0.050186
Epoch 39/50 | Train 0.017879 | Val 0.034323
Epoch 40/50 | Train 0.012355 | Val 0.018235
Epoch 41/50 | Train 0.009045 | Val 0.006736
Epoch 42/50 | Train 0.007520 | Val 0.001815
Epoch 43/50 | Train 0.007125 | Val 0.003052
Epoch 44/50 | Train 0.007357 | Val 0.008084
Epoch 45/50 | Train 0.007805 | Val 0.013780
Epoch 46/50 | Train 0.008017 | Val 0.017935
Epoch 47/50 | Train 0.007695 | Val 0.019454
Epoch 48/50 | Train 0.006698 | Val 0.018183
Epoch 49/50 | Train 0.005341 | Val 0.014651
Epoch 50/50 | Train 0.003922 | Val 0.009997
✅ Training finished. Best=0.000580. Artifacts in /lustre/work/samumcki/dSiPM_NN/NNTraining/4000x4000_model/NN_model_4000x4000
