Loading environment ...
Environment loaded.
Initialized for run 2 at particle pi+, energy 5, group 1, SPAD Size 4000x4000
Event 0: 10261 photons
DONE
Initialized for run 2 at particle pi+, energy 5, group 2, SPAD Size 4000x4000
Event 0: 10261 photons
DONE
Initialized for run 2 at particle pi+, energy 10, group 1, SPAD Size 4000x4000
Event 0: 20045 photons
DONE
Initialized for run 2 at particle pi+, energy 10, group 2, SPAD Size 4000x4000
Event 0: 20045 photons
DONE
Initialized for run 2 at particle pi+, energy 5, group 1, SPAD Size 2000x2000
Event 0: 10261 photons
DONE
Initialized for run 2 at particle pi+, energy 5, group 2, SPAD Size 2000x2000
Event 0: 10261 photons
DONE
Initialized for run 2 at particle pi+, energy 10, group 1, SPAD Size 2000x2000
Event 0: 20045 photons
DONE
Initialized for run 2 at particle pi+, energy 10, group 2, SPAD Size 2000x2000
Event 0: 20045 photons
DONE
