Loading environment ...
Environment loaded.
Initialized for run 3 at particle pi+, energy 5, group 1, SPAD Size 4000x4000
Event 0: 29523 photons
DONE
Initialized for run 3 at particle pi+, energy 5, group 2, SPAD Size 4000x4000
Event 0: 29523 photons
DONE
Initialized for run 3 at particle pi+, energy 10, group 1, SPAD Size 4000x4000
Event 0: 39418 photons
DONE
Initialized for run 3 at particle pi+, energy 10, group 2, SPAD Size 4000x4000
Event 0: 39418 photons
DONE
Initialized for run 3 at particle pi+, energy 5, group 1, SPAD Size 2000x2000
Event 0: 29523 photons
DONE
Initialized for run 3 at particle pi+, energy 5, group 2, SPAD Size 2000x2000
Event 0: 29523 photons
DONE
Initialized for run 3 at particle pi+, energy 10, group 1, SPAD Size 2000x2000
Event 0: 39418 photons
DONE
Initialized for run 3 at particle pi+, energy 10, group 2, SPAD Size 2000x2000
Event 0: 39418 photons
DONE
