Loading environment ...
Environment loaded.
Waiting for text file
Initialized for  particle pi+, energy 5, group 1, SPAD Size 4000x4000
🧠 Loaded dataset with 5 samples from /lustre/scratch/samumcki/dSiPM_NN/tensfold
🆕 No checkpoint found — starting fresh.
Epoch 01/50 | Train 2.580901 | Val 2.513413
💾 New best (val=2.513413) saved to: /lustre/work/samumcki/dSiPM_NN/NNTraining/4000x4000_model/NN_model_4000x4000/best.ckpt and /lustre/work/samumcki/dSiPM_NN/NNTraining/4000x4000_model/NN_model_4000x4000/best.pth
Epoch 02/50 | Train 2.580901 | Val 2.512349
💾 New best (val=2.512349) saved to: /lustre/work/samumcki/dSiPM_NN/NNTraining/4000x4000_model/NN_model_4000x4000/best.ckpt and /lustre/work/samumcki/dSiPM_NN/NNTraining/4000x4000_model/NN_model_4000x4000/best.pth
Epoch 03/50 | Train 2.580901 | Val 2.477594
💾 New best (val=2.477594) saved to: /lustre/work/samumcki/dSiPM_NN/NNTraining/4000x4000_model/NN_model_4000x4000/best.ckpt and /lustre/work/samumcki/dSiPM_NN/NNTraining/4000x4000_model/NN_model_4000x4000/best.pth
Epoch 04/50 | Train 2.324921 | Val 2.406443
💾 New best (val=2.406443) saved to: /lustre/work/samumcki/dSiPM_NN/NNTraining/4000x4000_model/NN_model_4000x4000/best.ckpt and /lustre/work/samumcki/dSiPM_NN/NNTraining/4000x4000_model/NN_model_4000x4000/best.pth
Epoch 05/50 | Train 2.119868 | Val 2.299346
💾 New best (val=2.299346) saved to: /lustre/work/samumcki/dSiPM_NN/NNTraining/4000x4000_model/NN_model_4000x4000/best.ckpt and /lustre/work/samumcki/dSiPM_NN/NNTraining/4000x4000_model/NN_model_4000x4000/best.pth
Epoch 06/50 | Train 1.926743 | Val 2.166745
💾 New best (val=2.166745) saved to: /lustre/work/samumcki/dSiPM_NN/NNTraining/4000x4000_model/NN_model_4000x4000/best.ckpt and /lustre/work/samumcki/dSiPM_NN/NNTraining/4000x4000_model/NN_model_4000x4000/best.pth
Epoch 07/50 | Train 1.754940 | Val 2.009429
💾 New best (val=2.009429) saved to: /lustre/work/samumcki/dSiPM_NN/NNTraining/4000x4000_model/NN_model_4000x4000/best.ckpt and /lustre/work/samumcki/dSiPM_NN/NNTraining/4000x4000_model/NN_model_4000x4000/best.pth
Epoch 08/50 | Train 1.588670 | Val 1.837466
💾 New best (val=1.837466) saved to: /lustre/work/samumcki/dSiPM_NN/NNTraining/4000x4000_model/NN_model_4000x4000/best.ckpt and /lustre/work/samumcki/dSiPM_NN/NNTraining/4000x4000_model/NN_model_4000x4000/best.pth
Epoch 09/50 | Train 1.429582 | Val 1.659957
💾 New best (val=1.659957) saved to: /lustre/work/samumcki/dSiPM_NN/NNTraining/4000x4000_model/NN_model_4000x4000/best.ckpt and /lustre/work/samumcki/dSiPM_NN/NNTraining/4000x4000_model/NN_model_4000x4000/best.pth
Epoch 10/50 | Train 1.282854 | Val 1.483125
💾 New best (val=1.483125) saved to: /lustre/work/samumcki/dSiPM_NN/NNTraining/4000x4000_model/NN_model_4000x4000/best.ckpt and /lustre/work/samumcki/dSiPM_NN/NNTraining/4000x4000_model/NN_model_4000x4000/best.pth
Epoch 11/50 | Train 1.142817 | Val 1.303955
💾 New best (val=1.303955) saved to: /lustre/work/samumcki/dSiPM_NN/NNTraining/4000x4000_model/NN_model_4000x4000/best.ckpt and /lustre/work/samumcki/dSiPM_NN/NNTraining/4000x4000_model/NN_model_4000x4000/best.pth
Epoch 12/50 | Train 1.010147 | Val 1.128003
💾 New best (val=1.128003) saved to: /lustre/work/samumcki/dSiPM_NN/NNTraining/4000x4000_model/NN_model_4000x4000/best.ckpt and /lustre/work/samumcki/dSiPM_NN/NNTraining/4000x4000_model/NN_model_4000x4000/best.pth
Epoch 13/50 | Train 0.886178 | Val 0.959528
💾 New best (val=0.959528) saved to: /lustre/work/samumcki/dSiPM_NN/NNTraining/4000x4000_model/NN_model_4000x4000/best.ckpt and /lustre/work/samumcki/dSiPM_NN/NNTraining/4000x4000_model/NN_model_4000x4000/best.pth
Epoch 14/50 | Train 0.766716 | Val 0.800299
💾 New best (val=0.800299) saved to: /lustre/work/samumcki/dSiPM_NN/NNTraining/4000x4000_model/NN_model_4000x4000/best.ckpt and /lustre/work/samumcki/dSiPM_NN/NNTraining/4000x4000_model/NN_model_4000x4000/best.pth
Epoch 15/50 | Train 0.652298 | Val 0.648409
💾 New best (val=0.648409) saved to: /lustre/work/samumcki/dSiPM_NN/NNTraining/4000x4000_model/NN_model_4000x4000/best.ckpt and /lustre/work/samumcki/dSiPM_NN/NNTraining/4000x4000_model/NN_model_4000x4000/best.pth
Epoch 16/50 | Train 0.544404 | Val 0.506216
💾 New best (val=0.506216) saved to: /lustre/work/samumcki/dSiPM_NN/NNTraining/4000x4000_model/NN_model_4000x4000/best.ckpt and /lustre/work/samumcki/dSiPM_NN/NNTraining/4000x4000_model/NN_model_4000x4000/best.pth
Epoch 17/50 | Train 0.445499 | Val 0.377390
💾 New best (val=0.377390) saved to: /lustre/work/samumcki/dSiPM_NN/NNTraining/4000x4000_model/NN_model_4000x4000/best.ckpt and /lustre/work/samumcki/dSiPM_NN/NNTraining/4000x4000_model/NN_model_4000x4000/best.pth
Epoch 18/50 | Train 0.355692 | Val 0.262921
💾 New best (val=0.262921) saved to: /lustre/work/samumcki/dSiPM_NN/NNTraining/4000x4000_model/NN_model_4000x4000/best.ckpt and /lustre/work/samumcki/dSiPM_NN/NNTraining/4000x4000_model/NN_model_4000x4000/best.pth
Epoch 19/50 | Train 0.275257 | Val 0.166681
💾 New best (val=0.166681) saved to: /lustre/work/samumcki/dSiPM_NN/NNTraining/4000x4000_model/NN_model_4000x4000/best.ckpt and /lustre/work/samumcki/dSiPM_NN/NNTraining/4000x4000_model/NN_model_4000x4000/best.pth
Epoch 20/50 | Train 0.205024 | Val 0.089921
💾 New best (val=0.089921) saved to: /lustre/work/samumcki/dSiPM_NN/NNTraining/4000x4000_model/NN_model_4000x4000/best.ckpt and /lustre/work/samumcki/dSiPM_NN/NNTraining/4000x4000_model/NN_model_4000x4000/best.pth
Epoch 21/50 | Train 0.145920 | Val 0.035547
💾 New best (val=0.035547) saved to: /lustre/work/samumcki/dSiPM_NN/NNTraining/4000x4000_model/NN_model_4000x4000/best.ckpt and /lustre/work/samumcki/dSiPM_NN/NNTraining/4000x4000_model/NN_model_4000x4000/best.pth
Epoch 22/50 | Train 0.098564 | Val 0.005374
💾 New best (val=0.005374) saved to: /lustre/work/samumcki/dSiPM_NN/NNTraining/4000x4000_model/NN_model_4000x4000/best.ckpt and /lustre/work/samumcki/dSiPM_NN/NNTraining/4000x4000_model/NN_model_4000x4000/best.pth
Epoch 23/50 | Train 0.063265 | Val 0.001926
💾 New best (val=0.001926) saved to: /lustre/work/samumcki/dSiPM_NN/NNTraining/4000x4000_model/NN_model_4000x4000/best.ckpt and /lustre/work/samumcki/dSiPM_NN/NNTraining/4000x4000_model/NN_model_4000x4000/best.pth
Epoch 24/50 | Train 0.039695 | Val 0.025318
Epoch 25/50 | Train 0.026679 | Val 0.072613
Epoch 26/50 | Train 0.023250 | Val 0.138389
Epoch 27/50 | Train 0.027078 | Val 0.216021
Epoch 28/50 | Train 0.035552 | Val 0.292630
Epoch 29/50 | Train 0.045890 | Val 0.357118
Epoch 30/50 | Train 0.055008 | Val 0.402847
Epoch 31/50 | Train 0.061040 | Val 0.422926
Epoch 32/50 | Train 0.062591 | Val 0.415339
Epoch 33/50 | Train 0.059078 | Val 0.380843
Epoch 34/50 | Train 0.050922 | Val 0.325185
Epoch 35/50 | Train 0.039693 | Val 0.261792
Epoch 36/50 | Train 0.029012 | Val 0.203499
Epoch 37/50 | Train 0.020012 | Val 0.157150
Epoch 38/50 | Train 0.013402 | Val 0.124239
Epoch 39/50 | Train 0.009229 | Val 0.102560
Epoch 40/50 | Train 0.006816 | Val 0.088097
Epoch 41/50 | Train 0.005470 | Val 0.079066
Epoch 42/50 | Train 0.004952 | Val 0.073670
Epoch 43/50 | Train 0.004596 | Val 0.071043
Epoch 44/50 | Train 0.004160 | Val 0.070005
Epoch 45/50 | Train 0.003684 | Val 0.071564
Epoch 46/50 | Train 0.003246 | Val 0.076885
Epoch 47/50 | Train 0.002811 | Val 0.085223
Epoch 48/50 | Train 0.002503 | Val 0.097617
Epoch 49/50 | Train 0.002219 | Val 0.113469
Epoch 50/50 | Train 0.002004 | Val 0.132638
✅ Training finished. Best=0.001926. Artifacts in /lustre/work/samumcki/dSiPM_NN/NNTraining/4000x4000_model/NN_model_4000x4000
✅ Combined 5 tensors.
📦 Saved summed tensor to /lustre/scratch/samumcki/dSiPM_NN/tensfold/summed_tensor_4000x4000/summed_tensor.npy
combined tensors
moved tensors
Initialized for  particle pi+, energy 5, group 2, SPAD Size 4000x4000
🧠 Loaded dataset with 5 samples from /lustre/scratch/samumcki/dSiPM_NN/tensfold
↩️  Resumed from /lustre/work/samumcki/dSiPM_NN/NNTraining/4000x4000_model/NN_model_4000x4000/last.ckpt (epoch=50, best_val=0.001926)
Epoch 51/100 | Train 0.001804 | Val 0.154068
Epoch 52/100 | Train 0.001607 | Val 0.177925
Epoch 53/100 | Train 0.001431 | Val 0.203499
Epoch 54/100 | Train 0.001260 | Val 0.230790
Epoch 55/100 | Train 0.001126 | Val 0.255830
Epoch 56/100 | Train 0.000967 | Val 0.278025
Epoch 57/100 | Train 0.000829 | Val 0.299003
Epoch 58/100 | Train 0.000702 | Val 0.314142
Epoch 59/100 | Train 0.000594 | Val 0.325185
Epoch 60/100 | Train 0.000505 | Val 0.329655
Epoch 61/100 | Train 0.000436 | Val 0.329655
Epoch 62/100 | Train 0.000392 | Val 0.327416
Epoch 63/100 | Train 0.000355 | Val 0.318536
Epoch 64/100 | Train 0.000325 | Val 0.307608
Epoch 65/100 | Train 0.000304 | Val 0.294747
Epoch 66/100 | Train 0.000294 | Val 0.282160
Epoch 67/100 | Train 0.000277 | Val 0.269847
Epoch 68/100 | Train 0.000276 | Val 0.257810
Epoch 69/100 | Train 0.000257 | Val 0.246047
Epoch 70/100 | Train 0.000241 | Val 0.236454
Epoch 71/100 | Train 0.000222 | Val 0.225194
Epoch 72/100 | Train 0.000207 | Val 0.217841
Epoch 73/100 | Train 0.000177 | Val 0.210609
Epoch 74/100 | Train 0.000159 | Val 0.205265
Epoch 75/100 | Train 0.000125 | Val 0.199990
Epoch 76/100 | Train 0.000093 | Val 0.196512
Epoch 77/100 | Train 0.000078 | Val 0.194784
Epoch 78/100 | Train 0.000061 | Val 0.193064
Epoch 79/100 | Train 0.000049 | Val 0.191351
Epoch 80/100 | Train 0.000043 | Val 0.191351
Epoch 81/100 | Train 0.000043 | Val 0.191351
Epoch 82/100 | Train 0.000047 | Val 0.191351
Epoch 83/100 | Train 0.000049 | Val 0.191351
Epoch 84/100 | Train 0.000051 | Val 0.191351
Epoch 85/100 | Train 0.000051 | Val 0.191351
Epoch 86/100 | Train 0.000049 | Val 0.191351
Epoch 87/100 | Train 0.000047 | Val 0.191351
Epoch 88/100 | Train 0.000042 | Val 0.191351
Epoch 89/100 | Train 0.000031 | Val 0.189646
Epoch 90/100 | Train 0.000027 | Val 0.189646
Epoch 91/100 | Train 0.000018 | Val 0.189646
Epoch 92/100 | Train 0.000015 | Val 0.187949
Epoch 93/100 | Train 0.000008 | Val 0.187949
Epoch 94/100 | Train 0.000008 | Val 0.187949
Epoch 95/100 | Train 0.000007 | Val 0.186259
Epoch 96/100 | Train 0.000010 | Val 0.186259
Epoch 97/100 | Train 0.000013 | Val 0.186259
Epoch 98/100 | Train 0.000011 | Val 0.184577
Epoch 99/100 | Train 0.000013 | Val 0.186259
Epoch 100/100 | Train 0.000013 | Val 0.186259
✅ Training finished. Best=0.001926. Artifacts in /lustre/work/samumcki/dSiPM_NN/NNTraining/4000x4000_model/NN_model_4000x4000
✅ Combined 5 tensors.
📦 Saved summed tensor to /lustre/scratch/samumcki/dSiPM_NN/tensfold/summed_tensor_4000x4000/summed_tensor.npy
combined tensors
moved tensors
Initialized for  particle pi+, energy 10, group 1, SPAD Size 4000x4000
🧠 Loaded dataset with 5 samples from /lustre/scratch/samumcki/dSiPM_NN/tensfold
↩️  Resumed from /lustre/work/samumcki/dSiPM_NN/NNTraining/4000x4000_model/NN_model_4000x4000/last.ckpt (epoch=100, best_val=0.001926)
Epoch 101/150 | Train 0.938192 | Val 0.865858
Epoch 102/150 | Train 0.938192 | Val 0.882292
Epoch 103/150 | Train 0.848948 | Val 0.847779
Epoch 104/150 | Train 0.715064 | Val 0.772214
Epoch 105/150 | Train 0.564744 | Val 0.667871
Epoch 106/150 | Train 0.414374 | Val 0.547726
Epoch 107/150 | Train 0.279422 | Val 0.424085
Epoch 108/150 | Train 0.171623 | Val 0.309683
Epoch 109/150 | Train 0.098932 | Val 0.213227
Epoch 110/150 | Train 0.059062 | Val 0.139053
Epoch 111/150 | Train 0.047914 | Val 0.084603
Epoch 112/150 | Train 0.055943 | Val 0.049509
Epoch 113/150 | Train 0.073830 | Val 0.027512
Epoch 114/150 | Train 0.091118 | Val 0.014628
Epoch 115/150 | Train 0.099702 | Val 0.007699
Epoch 116/150 | Train 0.097020 | Val 0.004390
Epoch 117/150 | Train 0.083237 | Val 0.002974
Epoch 118/150 | Train 0.061784 | Val 0.002974
Epoch 119/150 | Train 0.038604 | Val 0.003888
Epoch 120/150 | Train 0.018366 | Val 0.006080
Epoch 121/150 | Train 0.005689 | Val 0.010285
Epoch 122/150 | Train 0.001856 | Val 0.016079
Epoch 123/150 | Train 0.004276 | Val 0.023163
Epoch 124/150 | Train 0.009923 | Val 0.031536
Epoch 125/150 | Train 0.015444 | Val 0.039629
Epoch 126/150 | Train 0.018958 | Val 0.047786
Epoch 127/150 | Train 0.019585 | Val 0.053047
Epoch 128/150 | Train 0.017924 | Val 0.054862
Epoch 129/150 | Train 0.014020 | Val 0.053951
Epoch 130/150 | Train 0.009684 | Val 0.048644
Epoch 131/150 | Train 0.005650 | Val 0.040410
Epoch 132/150 | Train 0.002676 | Val 0.030847
Epoch 133/150 | Train 0.000986 | Val 0.020846
Epoch 134/150 | Train 0.000613 | Val 0.012799
Epoch 135/150 | Train 0.001049 | Val 0.006389
Epoch 136/150 | Train 0.002022 | Val 0.002370
Epoch 137/150 | Train 0.002919 | Val 0.000376
💾 New best (val=0.000376) saved to: /lustre/work/samumcki/dSiPM_NN/NNTraining/4000x4000_model/NN_model_4000x4000/best.ckpt and /lustre/work/samumcki/dSiPM_NN/NNTraining/4000x4000_model/NN_model_4000x4000/best.pth
Epoch 138/150 | Train 0.003677 | Val 0.000036
💾 New best (val=0.000036) saved to: /lustre/work/samumcki/dSiPM_NN/NNTraining/4000x4000_model/NN_model_4000x4000/best.ckpt and /lustre/work/samumcki/dSiPM_NN/NNTraining/4000x4000_model/NN_model_4000x4000/best.pth
Epoch 139/150 | Train 0.003981 | Val 0.000652
Epoch 140/150 | Train 0.003859 | Val 0.001695
Epoch 141/150 | Train 0.003380 | Val 0.002594
Epoch 142/150 | Train 0.002714 | Val 0.003007
Epoch 143/150 | Train 0.001991 | Val 0.002797
Epoch 144/150 | Train 0.001328 | Val 0.002211
Epoch 145/150 | Train 0.000879 | Val 0.001388
Epoch 146/150 | Train 0.000628 | Val 0.000652
Epoch 147/150 | Train 0.000526 | Val 0.000098
Epoch 148/150 | Train 0.000547 | Val 0.000033
💾 New best (val=0.000033) saved to: /lustre/work/samumcki/dSiPM_NN/NNTraining/4000x4000_model/NN_model_4000x4000/best.ckpt and /lustre/work/samumcki/dSiPM_NN/NNTraining/4000x4000_model/NN_model_4000x4000/best.pth
Epoch 149/150 | Train 0.000622 | Val 0.000376
Epoch 150/150 | Train 0.000681 | Val 0.001225
✅ Training finished. Best=0.000033. Artifacts in /lustre/work/samumcki/dSiPM_NN/NNTraining/4000x4000_model/NN_model_4000x4000
✅ Combined 5 tensors.
📦 Saved summed tensor to /lustre/scratch/samumcki/dSiPM_NN/tensfold/summed_tensor_4000x4000/summed_tensor.npy
combined tensors
moved tensors
Initialized for  particle pi+, energy 10, group 2, SPAD Size 4000x4000
🧠 Loaded dataset with 5 samples from /lustre/scratch/samumcki/dSiPM_NN/tensfold
↩️  Resumed from /lustre/work/samumcki/dSiPM_NN/NNTraining/4000x4000_model/NN_model_4000x4000/last.ckpt (epoch=150, best_val=0.000033)
Epoch 151/200 | Train 0.000749 | Val 0.002183
Epoch 152/200 | Train 0.000733 | Val 0.003191
Epoch 153/200 | Train 0.000692 | Val 0.003888
Epoch 154/200 | Train 0.000660 | Val 0.004390
Epoch 155/200 | Train 0.000557 | Val 0.004653
Epoch 156/200 | Train 0.000483 | Val 0.004390
Epoch 157/200 | Train 0.000377 | Val 0.003888
Epoch 158/200 | Train 0.000307 | Val 0.003191
Epoch 159/200 | Train 0.000272 | Val 0.002370
Epoch 160/200 | Train 0.000221 | Val 0.001514
Epoch 161/200 | Train 0.000196 | Val 0.000850
Epoch 162/200 | Train 0.000154 | Val 0.000455
Epoch 163/200 | Train 0.000139 | Val 0.000183
Epoch 164/200 | Train 0.000130 | Val 0.000033
Epoch 165/200 | Train 0.000117 | Val 0.000000
💾 New best (val=0.000000) saved to: /lustre/work/samumcki/dSiPM_NN/NNTraining/4000x4000_model/NN_model_4000x4000/best.ckpt and /lustre/work/samumcki/dSiPM_NN/NNTraining/4000x4000_model/NN_model_4000x4000/best.pth
Epoch 166/200 | Train 0.000114 | Val 0.000016
Epoch 167/200 | Train 0.000124 | Val 0.000036
Epoch 168/200 | Train 0.000119 | Val 0.000036
Epoch 169/200 | Train 0.000128 | Val 0.000016
Epoch 170/200 | Train 0.000120 | Val 0.000004
Epoch 171/200 | Train 0.000115 | Val 0.000003
Epoch 172/200 | Train 0.000107 | Val 0.000059
Epoch 173/200 | Train 0.000080 | Val 0.000134
Epoch 174/200 | Train 0.000063 | Val 0.000304
Epoch 175/200 | Train 0.000043 | Val 0.000542
Epoch 176/200 | Train 0.000024 | Val 0.000740
Epoch 177/200 | Train 0.000016 | Val 0.000967
Epoch 178/200 | Train 0.000016 | Val 0.001225
Epoch 179/200 | Train 0.000016 | Val 0.001366
Epoch 180/200 | Train 0.000025 | Val 0.001366
Epoch 181/200 | Train 0.000028 | Val 0.001514
Epoch 182/200 | Train 0.000034 | Val 0.001366
Epoch 183/200 | Train 0.000041 | Val 0.001366
Epoch 184/200 | Train 0.000041 | Val 0.001225
Epoch 185/200 | Train 0.000032 | Val 0.000967
Epoch 186/200 | Train 0.000018 | Val 0.000850
Epoch 187/200 | Train 0.000014 | Val 0.000637
Epoch 188/200 | Train 0.000006 | Val 0.000542
Epoch 189/200 | Train 0.000005 | Val 0.000455
Epoch 190/200 | Train 0.000002 | Val 0.000376
Epoch 191/200 | Train 0.000001 | Val 0.000304
Epoch 192/200 | Train 0.000005 | Val 0.000304
Epoch 193/200 | Train 0.000005 | Val 0.000239
Epoch 194/200 | Train 0.000014 | Val 0.000239
Epoch 195/200 | Train 0.000014 | Val 0.000304
Epoch 196/200 | Train 0.000014 | Val 0.000304
Epoch 197/200 | Train 0.000009 | Val 0.000376
Epoch 198/200 | Train 0.000008 | Val 0.000376
Epoch 199/200 | Train 0.000005 | Val 0.000455
Epoch 200/200 | Train 0.000002 | Val 0.000542
✅ Training finished. Best=0.000000. Artifacts in /lustre/work/samumcki/dSiPM_NN/NNTraining/4000x4000_model/NN_model_4000x4000
✅ Combined 5 tensors.
📦 Saved summed tensor to /lustre/scratch/samumcki/dSiPM_NN/tensfold/summed_tensor_4000x4000/summed_tensor.npy
combined tensors
moved tensors
Initialized for  particle pi+, energy 5, group 1, SPAD Size 2000x2000
🧠 Loaded dataset with 5 samples from /lustre/scratch/samumcki/dSiPM_NN/tensfold
🆕 No checkpoint found — starting fresh.
Epoch 01/50 | Train 2.570278 | Val 2.531638
💾 New best (val=2.531638) saved to: /lustre/work/samumcki/dSiPM_NN/NNTraining/2000x2000_model/NN_model_2000x2000/best.ckpt and /lustre/work/samumcki/dSiPM_NN/NNTraining/2000x2000_model/NN_model_2000x2000/best.pth
Epoch 02/50 | Train 2.570278 | Val 2.533726
Epoch 03/50 | Train 2.570278 | Val 2.504084
💾 New best (val=2.504084) saved to: /lustre/work/samumcki/dSiPM_NN/NNTraining/2000x2000_model/NN_model_2000x2000/best.ckpt and /lustre/work/samumcki/dSiPM_NN/NNTraining/2000x2000_model/NN_model_2000x2000/best.pth
Epoch 04/50 | Train 2.343436 | Val 2.451245
💾 New best (val=2.451245) saved to: /lustre/work/samumcki/dSiPM_NN/NNTraining/2000x2000_model/NN_model_2000x2000/best.ckpt and /lustre/work/samumcki/dSiPM_NN/NNTraining/2000x2000_model/NN_model_2000x2000/best.pth
Epoch 05/50 | Train 2.179208 | Val 2.386035
💾 New best (val=2.386035) saved to: /lustre/work/samumcki/dSiPM_NN/NNTraining/2000x2000_model/NN_model_2000x2000/best.ckpt and /lustre/work/samumcki/dSiPM_NN/NNTraining/2000x2000_model/NN_model_2000x2000/best.pth
Epoch 06/50 | Train 2.018219 | Val 2.315292
💾 New best (val=2.315292) saved to: /lustre/work/samumcki/dSiPM_NN/NNTraining/2000x2000_model/NN_model_2000x2000/best.ckpt and /lustre/work/samumcki/dSiPM_NN/NNTraining/2000x2000_model/NN_model_2000x2000/best.pth
Epoch 07/50 | Train 1.878999 | Val 2.232280
💾 New best (val=2.232280) saved to: /lustre/work/samumcki/dSiPM_NN/NNTraining/2000x2000_model/NN_model_2000x2000/best.ckpt and /lustre/work/samumcki/dSiPM_NN/NNTraining/2000x2000_model/NN_model_2000x2000/best.pth
Epoch 08/50 | Train 1.732883 | Val 2.140948
💾 New best (val=2.140948) saved to: /lustre/work/samumcki/dSiPM_NN/NNTraining/2000x2000_model/NN_model_2000x2000/best.ckpt and /lustre/work/samumcki/dSiPM_NN/NNTraining/2000x2000_model/NN_model_2000x2000/best.pth
Epoch 09/50 | Train 1.589509 | Val 2.038605
💾 New best (val=2.038605) saved to: /lustre/work/samumcki/dSiPM_NN/NNTraining/2000x2000_model/NN_model_2000x2000/best.ckpt and /lustre/work/samumcki/dSiPM_NN/NNTraining/2000x2000_model/NN_model_2000x2000/best.pth
Epoch 10/50 | Train 1.463062 | Val 1.928245
💾 New best (val=1.928245) saved to: /lustre/work/samumcki/dSiPM_NN/NNTraining/2000x2000_model/NN_model_2000x2000/best.ckpt and /lustre/work/samumcki/dSiPM_NN/NNTraining/2000x2000_model/NN_model_2000x2000/best.pth
Epoch 11/50 | Train 1.341201 | Val 1.811086
💾 New best (val=1.811086) saved to: /lustre/work/samumcki/dSiPM_NN/NNTraining/2000x2000_model/NN_model_2000x2000/best.ckpt and /lustre/work/samumcki/dSiPM_NN/NNTraining/2000x2000_model/NN_model_2000x2000/best.pth
Epoch 12/50 | Train 1.221192 | Val 1.687118
💾 New best (val=1.687118) saved to: /lustre/work/samumcki/dSiPM_NN/NNTraining/2000x2000_model/NN_model_2000x2000/best.ckpt and /lustre/work/samumcki/dSiPM_NN/NNTraining/2000x2000_model/NN_model_2000x2000/best.pth
Epoch 13/50 | Train 1.102069 | Val 1.557778
💾 New best (val=1.557778) saved to: /lustre/work/samumcki/dSiPM_NN/NNTraining/2000x2000_model/NN_model_2000x2000/best.ckpt and /lustre/work/samumcki/dSiPM_NN/NNTraining/2000x2000_model/NN_model_2000x2000/best.pth
Epoch 14/50 | Train 0.983295 | Val 1.423674
💾 New best (val=1.423674) saved to: /lustre/work/samumcki/dSiPM_NN/NNTraining/2000x2000_model/NN_model_2000x2000/best.ckpt and /lustre/work/samumcki/dSiPM_NN/NNTraining/2000x2000_model/NN_model_2000x2000/best.pth
Epoch 15/50 | Train 0.869415 | Val 1.290053
💾 New best (val=1.290053) saved to: /lustre/work/samumcki/dSiPM_NN/NNTraining/2000x2000_model/NN_model_2000x2000/best.ckpt and /lustre/work/samumcki/dSiPM_NN/NNTraining/2000x2000_model/NN_model_2000x2000/best.pth
Epoch 16/50 | Train 0.759945 | Val 1.155131
💾 New best (val=1.155131) saved to: /lustre/work/samumcki/dSiPM_NN/NNTraining/2000x2000_model/NN_model_2000x2000/best.ckpt and /lustre/work/samumcki/dSiPM_NN/NNTraining/2000x2000_model/NN_model_2000x2000/best.pth
Epoch 17/50 | Train 0.650766 | Val 1.019754
💾 New best (val=1.019754) saved to: /lustre/work/samumcki/dSiPM_NN/NNTraining/2000x2000_model/NN_model_2000x2000/best.ckpt and /lustre/work/samumcki/dSiPM_NN/NNTraining/2000x2000_model/NN_model_2000x2000/best.pth
Epoch 18/50 | Train 0.546389 | Val 0.886364
💾 New best (val=0.886364) saved to: /lustre/work/samumcki/dSiPM_NN/NNTraining/2000x2000_model/NN_model_2000x2000/best.ckpt and /lustre/work/samumcki/dSiPM_NN/NNTraining/2000x2000_model/NN_model_2000x2000/best.pth
Epoch 19/50 | Train 0.450062 | Val 0.758063
💾 New best (val=0.758063) saved to: /lustre/work/samumcki/dSiPM_NN/NNTraining/2000x2000_model/NN_model_2000x2000/best.ckpt and /lustre/work/samumcki/dSiPM_NN/NNTraining/2000x2000_model/NN_model_2000x2000/best.pth
Epoch 20/50 | Train 0.360343 | Val 0.636668
💾 New best (val=0.636668) saved to: /lustre/work/samumcki/dSiPM_NN/NNTraining/2000x2000_model/NN_model_2000x2000/best.ckpt and /lustre/work/samumcki/dSiPM_NN/NNTraining/2000x2000_model/NN_model_2000x2000/best.pth
Epoch 21/50 | Train 0.280239 | Val 0.521617
💾 New best (val=0.521617) saved to: /lustre/work/samumcki/dSiPM_NN/NNTraining/2000x2000_model/NN_model_2000x2000/best.ckpt and /lustre/work/samumcki/dSiPM_NN/NNTraining/2000x2000_model/NN_model_2000x2000/best.pth
Epoch 22/50 | Train 0.210817 | Val 0.414244
💾 New best (val=0.414244) saved to: /lustre/work/samumcki/dSiPM_NN/NNTraining/2000x2000_model/NN_model_2000x2000/best.ckpt and /lustre/work/samumcki/dSiPM_NN/NNTraining/2000x2000_model/NN_model_2000x2000/best.pth
Epoch 23/50 | Train 0.152419 | Val 0.316477
💾 New best (val=0.316477) saved to: /lustre/work/samumcki/dSiPM_NN/NNTraining/2000x2000_model/NN_model_2000x2000/best.ckpt and /lustre/work/samumcki/dSiPM_NN/NNTraining/2000x2000_model/NN_model_2000x2000/best.pth
Epoch 24/50 | Train 0.106236 | Val 0.232792
💾 New best (val=0.232792) saved to: /lustre/work/samumcki/dSiPM_NN/NNTraining/2000x2000_model/NN_model_2000x2000/best.ckpt and /lustre/work/samumcki/dSiPM_NN/NNTraining/2000x2000_model/NN_model_2000x2000/best.pth
Epoch 25/50 | Train 0.071136 | Val 0.161146
💾 New best (val=0.161146) saved to: /lustre/work/samumcki/dSiPM_NN/NNTraining/2000x2000_model/NN_model_2000x2000/best.ckpt and /lustre/work/samumcki/dSiPM_NN/NNTraining/2000x2000_model/NN_model_2000x2000/best.pth
Epoch 26/50 | Train 0.047444 | Val 0.104526
💾 New best (val=0.104526) saved to: /lustre/work/samumcki/dSiPM_NN/NNTraining/2000x2000_model/NN_model_2000x2000/best.ckpt and /lustre/work/samumcki/dSiPM_NN/NNTraining/2000x2000_model/NN_model_2000x2000/best.pth
Epoch 27/50 | Train 0.034256 | Val 0.063021
💾 New best (val=0.063021) saved to: /lustre/work/samumcki/dSiPM_NN/NNTraining/2000x2000_model/NN_model_2000x2000/best.ckpt and /lustre/work/samumcki/dSiPM_NN/NNTraining/2000x2000_model/NN_model_2000x2000/best.pth
Epoch 28/50 | Train 0.029394 | Val 0.035180
💾 New best (val=0.035180) saved to: /lustre/work/samumcki/dSiPM_NN/NNTraining/2000x2000_model/NN_model_2000x2000/best.ckpt and /lustre/work/samumcki/dSiPM_NN/NNTraining/2000x2000_model/NN_model_2000x2000/best.pth
Epoch 29/50 | Train 0.030488 | Val 0.018179
💾 New best (val=0.018179) saved to: /lustre/work/samumcki/dSiPM_NN/NNTraining/2000x2000_model/NN_model_2000x2000/best.ckpt and /lustre/work/samumcki/dSiPM_NN/NNTraining/2000x2000_model/NN_model_2000x2000/best.pth
Epoch 30/50 | Train 0.034903 | Val 0.009359
💾 New best (val=0.009359) saved to: /lustre/work/samumcki/dSiPM_NN/NNTraining/2000x2000_model/NN_model_2000x2000/best.ckpt and /lustre/work/samumcki/dSiPM_NN/NNTraining/2000x2000_model/NN_model_2000x2000/best.pth
Epoch 31/50 | Train 0.038718 | Val 0.005962
💾 New best (val=0.005962) saved to: /lustre/work/samumcki/dSiPM_NN/NNTraining/2000x2000_model/NN_model_2000x2000/best.ckpt and /lustre/work/samumcki/dSiPM_NN/NNTraining/2000x2000_model/NN_model_2000x2000/best.pth
Epoch 32/50 | Train 0.039350 | Val 0.005812
💾 New best (val=0.005812) saved to: /lustre/work/samumcki/dSiPM_NN/NNTraining/2000x2000_model/NN_model_2000x2000/best.ckpt and /lustre/work/samumcki/dSiPM_NN/NNTraining/2000x2000_model/NN_model_2000x2000/best.pth
Epoch 33/50 | Train 0.036162 | Val 0.008438
Epoch 34/50 | Train 0.029337 | Val 0.012408
Epoch 35/50 | Train 0.025477 | Val 0.017141
Epoch 36/50 | Train 0.020743 | Val 0.022052
Epoch 37/50 | Train 0.017253 | Val 0.026937
Epoch 38/50 | Train 0.015609 | Val 0.032310
Epoch 39/50 | Train 0.014596 | Val 0.039713
Epoch 40/50 | Train 0.013426 | Val 0.050040
Epoch 41/50 | Train 0.012144 | Val 0.063021
Epoch 42/50 | Train 0.010555 | Val 0.078588
Epoch 43/50 | Train 0.009013 | Val 0.094667
Epoch 44/50 | Train 0.007524 | Val 0.109639
Epoch 45/50 | Train 0.006308 | Val 0.118880
Epoch 46/50 | Train 0.005417 | Val 0.123640
Epoch 47/50 | Train 0.004688 | Val 0.122955
Epoch 48/50 | Train 0.004198 | Val 0.116868
Epoch 49/50 | Train 0.003726 | Val 0.107707
Epoch 50/50 | Train 0.003196 | Val 0.098920
✅ Training finished. Best=0.005812. Artifacts in /lustre/work/samumcki/dSiPM_NN/NNTraining/2000x2000_model/NN_model_2000x2000
✅ Combined 5 tensors.
📦 Saved summed tensor to /lustre/scratch/samumcki/dSiPM_NN/tensfold/summed_tensor_2000x2000/summed_tensor.npy
combined tensors
moved tensors
Initialized for  particle pi+, energy 5, group 2, SPAD Size 2000x2000
🧠 Loaded dataset with 5 samples from /lustre/scratch/samumcki/dSiPM_NN/tensfold
↩️  Resumed from /lustre/work/samumcki/dSiPM_NN/NNTraining/2000x2000_model/NN_model_2000x2000/last.ckpt (epoch=50, best_val=0.005812)
Epoch 51/100 | Train 0.002735 | Val 0.089336
Epoch 52/100 | Train 0.002365 | Val 0.078588
Epoch 53/100 | Train 0.001907 | Val 0.067511
Epoch 54/100 | Train 0.001528 | Val 0.057274
Epoch 55/100 | Train 0.001201 | Val 0.047879
Epoch 56/100 | Train 0.000944 | Val 0.040103
Epoch 57/100 | Train 0.000741 | Val 0.033730
Epoch 58/100 | Train 0.000621 | Val 0.027907
Epoch 59/100 | Train 0.000518 | Val 0.023526
Epoch 60/100 | Train 0.000433 | Val 0.020069
Epoch 61/100 | Train 0.000322 | Val 0.017397
Epoch 62/100 | Train 0.000218 | Val 0.014917
Epoch 63/100 | Train 0.000114 | Val 0.012847
Epoch 64/100 | Train 0.000042 | Val 0.010729
Epoch 65/100 | Train 0.000013 | Val 0.008801
Epoch 66/100 | Train 0.000027 | Val 0.006901
Epoch 67/100 | Train 0.000056 | Val 0.005231
💾 New best (val=0.005231) saved to: /lustre/work/samumcki/dSiPM_NN/NNTraining/2000x2000_model/NN_model_2000x2000/best.ckpt and /lustre/work/samumcki/dSiPM_NN/NNTraining/2000x2000_model/NN_model_2000x2000/best.pth
Epoch 68/100 | Train 0.000099 | Val 0.003793
💾 New best (val=0.003793) saved to: /lustre/work/samumcki/dSiPM_NN/NNTraining/2000x2000_model/NN_model_2000x2000/best.ckpt and /lustre/work/samumcki/dSiPM_NN/NNTraining/2000x2000_model/NN_model_2000x2000/best.pth
Epoch 69/100 | Train 0.000124 | Val 0.002685
💾 New best (val=0.002685) saved to: /lustre/work/samumcki/dSiPM_NN/NNTraining/2000x2000_model/NN_model_2000x2000/best.ckpt and /lustre/work/samumcki/dSiPM_NN/NNTraining/2000x2000_model/NN_model_2000x2000/best.pth
Epoch 70/100 | Train 0.000142 | Val 0.001769
💾 New best (val=0.001769) saved to: /lustre/work/samumcki/dSiPM_NN/NNTraining/2000x2000_model/NN_model_2000x2000/best.ckpt and /lustre/work/samumcki/dSiPM_NN/NNTraining/2000x2000_model/NN_model_2000x2000/best.pth
Epoch 71/100 | Train 0.000133 | Val 0.001107
💾 New best (val=0.001107) saved to: /lustre/work/samumcki/dSiPM_NN/NNTraining/2000x2000_model/NN_model_2000x2000/best.ckpt and /lustre/work/samumcki/dSiPM_NN/NNTraining/2000x2000_model/NN_model_2000x2000/best.pth
Epoch 72/100 | Train 0.000127 | Val 0.000699
💾 New best (val=0.000699) saved to: /lustre/work/samumcki/dSiPM_NN/NNTraining/2000x2000_model/NN_model_2000x2000/best.ckpt and /lustre/work/samumcki/dSiPM_NN/NNTraining/2000x2000_model/NN_model_2000x2000/best.pth
Epoch 73/100 | Train 0.000115 | Val 0.000464
💾 New best (val=0.000464) saved to: /lustre/work/samumcki/dSiPM_NN/NNTraining/2000x2000_model/NN_model_2000x2000/best.ckpt and /lustre/work/samumcki/dSiPM_NN/NNTraining/2000x2000_model/NN_model_2000x2000/best.pth
Epoch 74/100 | Train 0.000095 | Val 0.000311
💾 New best (val=0.000311) saved to: /lustre/work/samumcki/dSiPM_NN/NNTraining/2000x2000_model/NN_model_2000x2000/best.ckpt and /lustre/work/samumcki/dSiPM_NN/NNTraining/2000x2000_model/NN_model_2000x2000/best.pth
Epoch 75/100 | Train 0.000082 | Val 0.000216
💾 New best (val=0.000216) saved to: /lustre/work/samumcki/dSiPM_NN/NNTraining/2000x2000_model/NN_model_2000x2000/best.ckpt and /lustre/work/samumcki/dSiPM_NN/NNTraining/2000x2000_model/NN_model_2000x2000/best.pth
Epoch 76/100 | Train 0.000066 | Val 0.000189
💾 New best (val=0.000189) saved to: /lustre/work/samumcki/dSiPM_NN/NNTraining/2000x2000_model/NN_model_2000x2000/best.ckpt and /lustre/work/samumcki/dSiPM_NN/NNTraining/2000x2000_model/NN_model_2000x2000/best.pth
Epoch 77/100 | Train 0.000050 | Val 0.000189
Epoch 78/100 | Train 0.000037 | Val 0.000189
Epoch 79/100 | Train 0.000022 | Val 0.000216
Epoch 80/100 | Train 0.000010 | Val 0.000278
Epoch 81/100 | Train 0.000007 | Val 0.000278
Epoch 82/100 | Train 0.000011 | Val 0.000278
Epoch 83/100 | Train 0.000017 | Val 0.000278
Epoch 84/100 | Train 0.000023 | Val 0.000246
Epoch 85/100 | Train 0.000031 | Val 0.000216
Epoch 86/100 | Train 0.000031 | Val 0.000163
💾 New best (val=0.000163) saved to: /lustre/work/samumcki/dSiPM_NN/NNTraining/2000x2000_model/NN_model_2000x2000/best.ckpt and /lustre/work/samumcki/dSiPM_NN/NNTraining/2000x2000_model/NN_model_2000x2000/best.pth
Epoch 87/100 | Train 0.000028 | Val 0.000117
💾 New best (val=0.000117) saved to: /lustre/work/samumcki/dSiPM_NN/NNTraining/2000x2000_model/NN_model_2000x2000/best.ckpt and /lustre/work/samumcki/dSiPM_NN/NNTraining/2000x2000_model/NN_model_2000x2000/best.pth
Epoch 88/100 | Train 0.000028 | Val 0.000078
💾 New best (val=0.000078) saved to: /lustre/work/samumcki/dSiPM_NN/NNTraining/2000x2000_model/NN_model_2000x2000/best.ckpt and /lustre/work/samumcki/dSiPM_NN/NNTraining/2000x2000_model/NN_model_2000x2000/best.pth
Epoch 89/100 | Train 0.000026 | Val 0.000035
💾 New best (val=0.000035) saved to: /lustre/work/samumcki/dSiPM_NN/NNTraining/2000x2000_model/NN_model_2000x2000/best.ckpt and /lustre/work/samumcki/dSiPM_NN/NNTraining/2000x2000_model/NN_model_2000x2000/best.pth
Epoch 90/100 | Train 0.000020 | Val 0.000016
💾 New best (val=0.000016) saved to: /lustre/work/samumcki/dSiPM_NN/NNTraining/2000x2000_model/NN_model_2000x2000/best.ckpt and /lustre/work/samumcki/dSiPM_NN/NNTraining/2000x2000_model/NN_model_2000x2000/best.pth
Epoch 91/100 | Train 0.000017 | Val 0.000004
💾 New best (val=0.000004) saved to: /lustre/work/samumcki/dSiPM_NN/NNTraining/2000x2000_model/NN_model_2000x2000/best.ckpt and /lustre/work/samumcki/dSiPM_NN/NNTraining/2000x2000_model/NN_model_2000x2000/best.pth
Epoch 92/100 | Train 0.000011 | Val 0.000000
💾 New best (val=0.000000) saved to: /lustre/work/samumcki/dSiPM_NN/NNTraining/2000x2000_model/NN_model_2000x2000/best.ckpt and /lustre/work/samumcki/dSiPM_NN/NNTraining/2000x2000_model/NN_model_2000x2000/best.pth
Epoch 93/100 | Train 0.000009 | Val 0.000001
Epoch 94/100 | Train 0.000005 | Val 0.000008
Epoch 95/100 | Train 0.000003 | Val 0.000015
Epoch 96/100 | Train 0.000001 | Val 0.000023
Epoch 97/100 | Train 0.000000 | Val 0.000034
Epoch 98/100 | Train 0.000002 | Val 0.000046
Epoch 99/100 | Train 0.000004 | Val 0.000076
Epoch 100/100 | Train 0.000004 | Val 0.000094
✅ Training finished. Best=0.000000. Artifacts in /lustre/work/samumcki/dSiPM_NN/NNTraining/2000x2000_model/NN_model_2000x2000
✅ Combined 5 tensors.
📦 Saved summed tensor to /lustre/scratch/samumcki/dSiPM_NN/tensfold/summed_tensor_2000x2000/summed_tensor.npy
combined tensors
moved tensors
Initialized for  particle pi+, energy 10, group 1, SPAD Size 2000x2000
🧠 Loaded dataset with 5 samples from /lustre/scratch/samumcki/dSiPM_NN/tensfold
↩️  Resumed from /lustre/work/samumcki/dSiPM_NN/NNTraining/2000x2000_model/NN_model_2000x2000/last.ckpt (epoch=100, best_val=0.000000)
Epoch 101/150 | Train 0.399129 | Val 0.614704
Epoch 102/150 | Train 0.399129 | Val 0.630112
Epoch 103/150 | Train 0.323115 | Val 0.593452
Epoch 104/150 | Train 0.229218 | Val 0.491433
Epoch 105/150 | Train 0.140252 | Val 0.342005
Epoch 106/150 | Train 0.069546 | Val 0.191276
Epoch 107/150 | Train 0.024660 | Val 0.075758
Epoch 108/150 | Train 0.003575 | Val 0.011092
Epoch 109/150 | Train 0.002233 | Val 0.003007
Epoch 110/150 | Train 0.013489 | Val 0.042924
Epoch 111/150 | Train 0.028445 | Val 0.105215
Epoch 112/150 | Train 0.039814 | Val 0.165160
Epoch 113/150 | Train 0.042718 | Val 0.214406
Epoch 114/150 | Train 0.038685 | Val 0.252107
Epoch 115/150 | Train 0.029586 | Val 0.268042
Epoch 116/150 | Train 0.018451 | Val 0.268042
Epoch 117/150 | Train 0.008744 | Val 0.254072
Epoch 118/150 | Train 0.002620 | Val 0.232875
Epoch 119/150 | Train 0.000253 | Val 0.207232
Epoch 120/150 | Train 0.000933 | Val 0.173193
Epoch 121/150 | Train 0.003290 | Val 0.140737
Epoch 122/150 | Train 0.006032 | Val 0.115595
Epoch 123/150 | Train 0.007874 | Val 0.097750
Epoch 124/150 | Train 0.008325 | Val 0.087067
Epoch 125/150 | Train 0.007749 | Val 0.081399
Epoch 126/150 | Train 0.006323 | Val 0.080289
Epoch 127/150 | Train 0.004491 | Val 0.082518
Epoch 128/150 | Train 0.002770 | Val 0.084777
Epoch 129/150 | Train 0.001314 | Val 0.089387
Epoch 130/150 | Train 0.000508 | Val 0.092925
Epoch 131/150 | Train 0.000301 | Val 0.095322
Epoch 132/150 | Train 0.000635 | Val 0.096532
Epoch 133/150 | Train 0.001193 | Val 0.096532
Epoch 134/150 | Train 0.001806 | Val 0.094120
Epoch 135/150 | Train 0.002148 | Val 0.089387
Epoch 136/150 | Train 0.002129 | Val 0.082518
Epoch 137/150 | Train 0.001812 | Val 0.075922
Epoch 138/150 | Train 0.001317 | Val 0.067556
Epoch 139/150 | Train 0.000759 | Val 0.059678
Epoch 140/150 | Train 0.000357 | Val 0.052288
Epoch 141/150 | Train 0.000095 | Val 0.045386
Epoch 142/150 | Train 0.000066 | Val 0.038973
Epoch 143/150 | Train 0.000183 | Val 0.034483
Epoch 144/150 | Train 0.000373 | Val 0.030268
Epoch 145/150 | Train 0.000585 | Val 0.026965
Epoch 146/150 | Train 0.000678 | Val 0.024461
Epoch 147/150 | Train 0.000669 | Val 0.022662
Epoch 148/150 | Train 0.000576 | Val 0.022078
Epoch 149/150 | Train 0.000423 | Val 0.021501
Epoch 150/150 | Train 0.000257 | Val 0.020932
✅ Training finished. Best=0.000000. Artifacts in /lustre/work/samumcki/dSiPM_NN/NNTraining/2000x2000_model/NN_model_2000x2000
✅ Combined 5 tensors.
📦 Saved summed tensor to /lustre/scratch/samumcki/dSiPM_NN/tensfold/summed_tensor_2000x2000/summed_tensor.npy
combined tensors
moved tensors
Initialized for  particle pi+, energy 10, group 2, SPAD Size 2000x2000
🧠 Loaded dataset with 5 samples from /lustre/scratch/samumcki/dSiPM_NN/tensfold
↩️  Resumed from /lustre/work/samumcki/dSiPM_NN/NNTraining/2000x2000_model/NN_model_2000x2000/last.ckpt (epoch=150, best_val=0.000000)
Epoch 151/200 | Train 0.000127 | Val 0.020932
Epoch 152/200 | Train 0.000051 | Val 0.020932
Epoch 153/200 | Train 0.000032 | Val 0.020932
Epoch 154/200 | Train 0.000075 | Val 0.020932
Epoch 155/200 | Train 0.000128 | Val 0.020371
Epoch 156/200 | Train 0.000181 | Val 0.020371
Epoch 157/200 | Train 0.000201 | Val 0.019271
Epoch 158/200 | Train 0.000201 | Val 0.018733
Epoch 159/200 | Train 0.000159 | Val 0.017679
Epoch 160/200 | Train 0.000111 | Val 0.016655
Epoch 161/200 | Train 0.000058 | Val 0.015177
Epoch 162/200 | Train 0.000021 | Val 0.014230
Epoch 163/200 | Train 0.000002 | Val 0.013313
Epoch 164/200 | Train 0.000004 | Val 0.012866
Epoch 165/200 | Train 0.000016 | Val 0.011996
Epoch 166/200 | Train 0.000038 | Val 0.011572
Epoch 167/200 | Train 0.000054 | Val 0.011155
Epoch 168/200 | Train 0.000064 | Val 0.011155
Epoch 169/200 | Train 0.000071 | Val 0.011155
Epoch 170/200 | Train 0.000048 | Val 0.011155
Epoch 171/200 | Train 0.000035 | Val 0.011572
Epoch 172/200 | Train 0.000016 | Val 0.011572
Epoch 173/200 | Train 0.000006 | Val 0.011996
Epoch 174/200 | Train 0.000002 | Val 0.011996
Epoch 175/200 | Train 0.000002 | Val 0.012427
Epoch 176/200 | Train 0.000010 | Val 0.012427
Epoch 177/200 | Train 0.000013 | Val 0.012427
Epoch 178/200 | Train 0.000023 | Val 0.012427
Epoch 179/200 | Train 0.000026 | Val 0.012427
Epoch 180/200 | Train 0.000018 | Val 0.012427
Epoch 181/200 | Train 0.000013 | Val 0.011996
Epoch 182/200 | Train 0.000009 | Val 0.011996
Epoch 183/200 | Train 0.000006 | Val 0.011572
Epoch 184/200 | Train 0.000003 | Val 0.011572
Epoch 185/200 | Train 0.000001 | Val 0.011155
Epoch 186/200 | Train 0.000002 | Val 0.011155
Epoch 187/200 | Train 0.000005 | Val 0.010746
Epoch 188/200 | Train 0.000009 | Val 0.010746
Epoch 189/200 | Train 0.000009 | Val 0.010746
Epoch 190/200 | Train 0.000009 | Val 0.010345
Epoch 191/200 | Train 0.000009 | Val 0.010345
Epoch 192/200 | Train 0.000003 | Val 0.010345
Epoch 193/200 | Train 0.000002 | Val 0.010345
Epoch 194/200 | Train 0.000002 | Val 0.010345
Epoch 195/200 | Train 0.000000 | Val 0.010746
Epoch 196/200 | Train 0.000000 | Val 0.010746
Epoch 197/200 | Train 0.000002 | Val 0.010746
Epoch 198/200 | Train 0.000002 | Val 0.010746
Epoch 199/200 | Train 0.000003 | Val 0.010746
Epoch 200/200 | Train 0.000004 | Val 0.010746
✅ Training finished. Best=0.000000. Artifacts in /lustre/work/samumcki/dSiPM_NN/NNTraining/2000x2000_model/NN_model_2000x2000
✅ Combined 5 tensors.
📦 Saved summed tensor to /lustre/scratch/samumcki/dSiPM_NN/tensfold/summed_tensor_2000x2000/summed_tensor.npy
combined tensors
moved tensors
